<?xml version="1.0" encoding="UTF-8"?>
<robot generator="Robot 5.0.1 (Python 3.10.5 on win32)" generated="20220802 14:07:11.298" rpa="false" schemaversion="3">
<suite id="s1" name="amazonHomePageTest" source="C:\Users\tolga\PycharmProjects\amazonCreateAccount\filterTests\amazonHomePageTest.robot">
<test id="s1-t1" name="verify" line="6">
<kw name="check the amazon" library="amazonHomePageApp">
<kw name="Go to Amazon" library="amazonHomePage">
<kw name="Open Browser" library="SeleniumLibrary">
<arg>${url}</arg>
<arg>${browser}</arg>
<doc>Opens a new browser instance to the optional ``url``.</doc>
<msg timestamp="20220802 14:07:11.598" level="INFO">Opening browser 'chrome' to base url 'https://www.amazon.com.tr/'.</msg>
<status status="PASS" starttime="20220802 14:07:11.598" endtime="20220802 14:07:15.834"/>
</kw>
<status status="PASS" starttime="20220802 14:07:11.597" endtime="20220802 14:07:15.835"/>
</kw>
<kw name="Click to SingIn" library="amazonHomePage">
<kw name="Wait Until Element Is Visible" library="SeleniumLibrary">
<arg>${acceptCookies}</arg>
<doc>Waits until the element ``locator`` is visible.</doc>
<status status="PASS" starttime="20220802 14:07:15.835" endtime="20220802 14:07:15.896"/>
</kw>
<kw name="Click Element" library="SeleniumLibrary">
<arg>${acceptCookies}</arg>
<doc>Click the element identified by ``locator``.</doc>
<msg timestamp="20220802 14:07:15.897" level="INFO">Clicking element 'id=sp-cc-accept'.</msg>
<status status="PASS" starttime="20220802 14:07:15.896" endtime="20220802 14:07:16.072"/>
</kw>
<kw name="Click Element" library="SeleniumLibrary">
<arg>${singInButton}</arg>
<doc>Click the element identified by ``locator``.</doc>
<msg timestamp="20220802 14:07:16.073" level="INFO">Clicking element 'id=nav-link-accountList'.</msg>
<status status="PASS" starttime="20220802 14:07:16.072" endtime="20220802 14:07:17.067"/>
</kw>
<status status="PASS" starttime="20220802 14:07:15.835" endtime="20220802 14:07:17.067"/>
</kw>
<status status="PASS" starttime="20220802 14:07:11.597" endtime="20220802 14:07:17.068"/>
</kw>
<kw name="Click The New Acaunt" library="amazonLoginPageApp">
<kw name="Go to New Acaunt Page" library="amazonLoginPage">
<kw name="Click Element" library="SeleniumLibrary">
<arg>${newAcaunt}</arg>
<doc>Click the element identified by ``locator``.</doc>
<msg timestamp="20220802 14:07:17.069" level="INFO">Clicking element 'id=auth-create-account-link'.</msg>
<status status="PASS" starttime="20220802 14:07:17.069" endtime="20220802 14:07:17.382"/>
</kw>
<status status="PASS" starttime="20220802 14:07:17.068" endtime="20220802 14:07:17.382"/>
</kw>
<status status="PASS" starttime="20220802 14:07:17.068" endtime="20220802 14:07:17.383"/>
</kw>
<kw name="amazonCreatePageApp.Ol">
<msg timestamp="20220802 14:07:17.388" level="FAIL">No keyword with name 'amazonCreatePageApp.Ol' found.</msg>
<status status="FAIL" starttime="20220802 14:07:17.388" endtime="20220802 14:07:17.388"/>
</kw>
<status status="FAIL" starttime="20220802 14:07:11.596" endtime="20220802 14:07:17.389">No keyword with name 'amazonCreatePageApp.Ol' found.</status>
</test>
<status status="FAIL" starttime="20220802 14:07:11.300" endtime="20220802 14:07:17.391"/>
</suite>
<statistics>
<total>
<stat pass="0" fail="1" skip="0">All Tests</stat>
</total>
<tag>
</tag>
<suite>
<stat pass="0" fail="1" skip="0" id="s1" name="amazonHomePageTest">amazonHomePageTest</stat>
</suite>
</statistics>
<errors>
<msg timestamp="20220802 14:07:11.594" level="ERROR">Error in file 'C:\Users\tolga\PycharmProjects\amazonCreateAccount\filterTests\amazonHomePageTest.robot' on line 4: Resource file '..\resources\amazonCreatePageApp.robot' does not exist.</msg>
</errors>
</robot>
